

> @kintree/ui@0.1.0 lint
> eslint src/

[0m[0m
[0m[4m/Users/smsm/Desktop/Portafolio IA/arbol-genealogico-digital 2/packages/ui/src/navigation/Sidebar.tsx[24m[0m
[0m   [2m81:18[22m  [31merror[39m  An interface declaring no members is equivalent to its supertype  [2m@typescript-eslint/no-empty-object-type[22m[0m
[0m  [2m118:21[22m  [31merror[39m  Unexpected any. Specify a different type                          [2m@typescript-eslint/no-explicit-any[22m[0m
[0m  [2m136:23[22m  [31merror[39m  Unexpected any. Specify a different type                          [2m@typescript-eslint/no-explicit-any[22m[0m
[0m  [2m188:18[22m  [31merror[39m  An interface declaring no members is equivalent to its supertype  [2m@typescript-eslint/no-empty-object-type[22m[0m
[0m[0m
[0m[4m/Users/smsm/Desktop/Portafolio IA/arbol-genealogico-digital 2/packages/ui/src/primitives/Card.tsx[24m[0m
[0m  [2m111:18[22m  [31merror[39m  An interface declaring no members is equivalent to its supertype  [2m@typescript-eslint/no-empty-object-type[22m[0m
[0m  [2m125:18[22m  [31merror[39m  An interface declaring no members is equivalent to its supertype  [2m@typescript-eslint/no-empty-object-type[22m[0m
[0m[0m
[0m[4m/Users/smsm/Desktop/Portafolio IA/arbol-genealogico-digital 2/packages/ui/src/primitives/Dialog.tsx[24m[0m
[0m  [2m111:18[22m  [31merror[39m  An interface declaring no members is equivalent to its supertype  [2m@typescript-eslint/no-empty-object-type[22m[0m
[0m  [2m125:18[22m  [31merror[39m  An interface declaring no members is equivalent to its supertype  [2m@typescript-eslint/no-empty-object-type[22m[0m
[0m[0m
[0m[31m[1m✖ 8 problems (8 errors, 0 warnings)[22m[39m[0m
[0m[31m[1m[22m[39m[0m
⠙[1G[0K[1mnpm[22m [31merror[39m Lifecycle script `lint` failed with error:
⠙[1G[0K[1mnpm[22m [31merror[39m [94mcode[39m [33m1[39m
⠙[1G[0K[1mnpm[22m [31merror[39m [94mpath[39m /Users/smsm/Desktop/Portafolio IA/arbol-genealogico-digital 2/packages/ui
⠙[1G[0K[1mnpm[22m [31merror[39m [94mworkspace[39m @kintree/ui@0.1.0
⠙[1G[0K[1mnpm[22m [31merror[39m [94mlocation[39m /Users/smsm/Desktop/Portafolio IA/arbol-genealogico-digital 2/packages/ui
⠙[1G[0K[1mnpm[22m [31merror[39m command failed
⠙[1G[0K[1mnpm[22m [31merror[39m [94mcommand[39m sh -c eslint src/
⠙[1G[0K
